0 info it worked if it ends with ok
1 verbose cli [ '/usr/local/bin/node', '/usr/local/bin/npm', 'publish' ]
2 info using npm@3.10.8
3 info using node@v6.8.1
4 verbose publish [ '.' ]
5 silly cache add args [ '.', null ]
6 verbose cache add spec .
7 silly cache add parsed spec Result {
7 silly cache add   raw: '.',
7 silly cache add   scope: null,
7 silly cache add   escapedName: null,
7 silly cache add   name: null,
7 silly cache add   rawSpec: '.',
7 silly cache add   spec: '/Users/andreafalzetti/dev/repos/node-caldav',
7 silly cache add   type: 'directory' }
8 verbose addLocalDirectory /Users/andreafalzetti/.npm/node-caldav-mod/0.0.2/package.tgz not in flight; packing
9 verbose correctMkdir /Users/andreafalzetti/.npm correctMkdir not in flight; initializing
10 info lifecycle node-caldav-mod@0.0.2~prepublish: node-caldav-mod@0.0.2
11 silly lifecycle node-caldav-mod@0.0.2~prepublish: no script for prepublish, continuing
12 verbose tar pack [ '/Users/andreafalzetti/.npm/node-caldav-mod/0.0.2/package.tgz',
12 verbose tar pack   '/Users/andreafalzetti/dev/repos/node-caldav' ]
13 verbose tarball /Users/andreafalzetti/.npm/node-caldav-mod/0.0.2/package.tgz
14 verbose folder /Users/andreafalzetti/dev/repos/node-caldav
15 verbose addLocalTarball adding from inside cache /Users/andreafalzetti/.npm/node-caldav-mod/0.0.2/package.tgz
16 verbose correctMkdir /Users/andreafalzetti/.npm correctMkdir not in flight; initializing
17 silly cache afterAdd node-caldav-mod@0.0.2
18 verbose afterAdd /Users/andreafalzetti/.npm/node-caldav-mod/0.0.2/package/package.json not in flight; writing
19 verbose correctMkdir /Users/andreafalzetti/.npm correctMkdir not in flight; initializing
20 verbose afterAdd /Users/andreafalzetti/.npm/node-caldav-mod/0.0.2/package/package.json written
21 silly publish { name: 'node-caldav-mod',
21 silly publish   version: '0.0.2',
21 silly publish   description: 'A lightweight node.js Caldav Client',
21 silly publish   main: 'index.js',
21 silly publish   scripts: { test: 'echo "Error: no test specified" && exit 1' },
21 silly publish   repository:
21 silly publish    { type: 'git',
21 silly publish      url: 'git+https://github.com/andreafalzetti/node-caldav.git' },
21 silly publish   keywords: [ 'caldav', 'calendar', 'json', 'ics' ],
21 silly publish   dependencies: { 'ical.js': '^1.1.2', libxmljs: '^0.14.0', moment: '^2.12.0' },
21 silly publish   author: { name: 'Andrea Falzetti' },
21 silly publish   license: 'MIT',
21 silly publish   bugs: { url: 'https://github.com/andreafalzetti/node-caldav/issues' },
21 silly publish   homepage: 'https://github.com/andreafalzetti/node-caldav',
21 silly publish   readme: 'node-caldav (Work-in-Progress)\n===========\n\nA lightweight Node.JS Caldav Client\n\nUsage\n-----------\n\n```sh\n\nvar caldav = require("node-caldav");\n\ncaldav.getList([caldav_baseurl],[username],[password],callback)\n\ncaldav.getEvents([caldav_calendarurl],[username],[password],[startDate],[endDate],callback)\n\n```\n\nFork\n-----------\n\nI have forked [this](https://github.com/jachwe/node-caldav/) project because it wasn\'t parsing correctly my caldav XML. If you are having the same issue, feel free to use this node.js package and modify it.\n',
21 silly publish   readmeFilename: 'README.md',
21 silly publish   gitHead: '0f41a5d616f624a4911159b32cff1f02cebf56e0',
21 silly publish   _id: 'node-caldav-mod@0.0.2',
21 silly publish   _shasum: '78f1626a28a81e85748651a6121ba9d4e8d40f95',
21 silly publish   _from: '.' }
22 verbose getPublishConfig undefined
23 silly mapToRegistry name node-caldav-mod
24 silly mapToRegistry using default registry
25 silly mapToRegistry registry https://registry.npmjs.org/
26 silly mapToRegistry data Result {
26 silly mapToRegistry   raw: 'node-caldav-mod',
26 silly mapToRegistry   scope: null,
26 silly mapToRegistry   escapedName: 'node-caldav-mod',
26 silly mapToRegistry   name: 'node-caldav-mod',
26 silly mapToRegistry   rawSpec: '',
26 silly mapToRegistry   spec: 'latest',
26 silly mapToRegistry   type: 'tag' }
27 silly mapToRegistry uri https://registry.npmjs.org/node-caldav-mod
28 verbose publish registryBase https://registry.npmjs.org/
29 silly publish uploading /Users/andreafalzetti/.npm/node-caldav-mod/0.0.2/package.tgz
30 verbose request uri https://registry.npmjs.org/node-caldav-mod
31 verbose request sending authorization for write operation
32 info attempt registry request try #1 at 10:39:51 AM
33 verbose request id b2d6dd69484750a0
34 http request PUT https://registry.npmjs.org/node-caldav-mod
35 http 403 https://registry.npmjs.org/node-caldav-mod
36 verbose headers { 'content-type': 'application/json',
36 verbose headers   'cache-control': 'max-age=300',
36 verbose headers   'content-length': '95',
36 verbose headers   'accept-ranges': 'bytes',
36 verbose headers   date: 'Tue, 25 Oct 2016 09:39:52 GMT',
36 verbose headers   via: '1.1 varnish',
36 verbose headers   connection: 'keep-alive',
36 verbose headers   'x-served-by': 'cache-lcy1128-LCY',
36 verbose headers   'x-cache': 'MISS',
36 verbose headers   'x-cache-hits': '0',
36 verbose headers   'x-timer': 'S1477388391.707318,VS0,VE1080',
36 verbose headers   vary: 'Accept-Encoding' }
37 verbose request invalidating /Users/andreafalzetti/.npm/registry.npmjs.org/node-caldav-mod on PUT
38 error publish Failed PUT 403
39 verbose stack Error: "You cannot publish over the previously published version 0.0.2." : node-caldav-mod
39 verbose stack     at makeError (/usr/local/lib/node_modules/npm/node_modules/npm-registry-client/lib/request.js:302:12)
39 verbose stack     at CachingRegistryClient.<anonymous> (/usr/local/lib/node_modules/npm/node_modules/npm-registry-client/lib/request.js:290:14)
39 verbose stack     at Request._callback (/usr/local/lib/node_modules/npm/node_modules/npm-registry-client/lib/request.js:210:14)
39 verbose stack     at Request.self.callback (/usr/local/lib/node_modules/npm/node_modules/request/request.js:187:22)
39 verbose stack     at emitTwo (events.js:106:13)
39 verbose stack     at Request.emit (events.js:191:7)
39 verbose stack     at Request.<anonymous> (/usr/local/lib/node_modules/npm/node_modules/request/request.js:1044:10)
39 verbose stack     at emitOne (events.js:96:13)
39 verbose stack     at Request.emit (events.js:188:7)
39 verbose stack     at IncomingMessage.<anonymous> (/usr/local/lib/node_modules/npm/node_modules/request/request.js:965:12)
40 verbose statusCode 403
41 verbose pkgid node-caldav-mod
42 verbose cwd /Users/andreafalzetti/dev/repos/node-caldav
43 error Darwin 16.0.0
44 error argv "/usr/local/bin/node" "/usr/local/bin/npm" "publish"
45 error node v6.8.1
46 error npm  v3.10.8
47 error code E403
48 error "You cannot publish over the previously published version 0.0.2." : node-caldav-mod
49 error If you need help, you may report this error at:
49 error     <https://github.com/npm/npm/issues>
50 verbose exit [ 1, true ]
